<?xml version="1.0" encoding="UTF-8"?>
<coverage generated="1632989932104" clover="3.2.0">
  <project timestamp="1632989932104" name="All files">
    <metrics statements="241" coveredstatements="241" conditionals="98" coveredconditionals="91" methods="42" coveredmethods="42" elements="381" coveredelements="374" complexity="0" loc="241" ncloc="241" packages="4" files="8" classes="8"/>
    <package name="composer">
      <metrics statements="78" coveredstatements="78" conditionals="25" coveredconditionals="25" methods="15" coveredmethods="15"/>
      <file name="index.ts" path="C:\projects\toolkit\src\composer\index.ts">
        <metrics statements="74" coveredstatements="74" conditionals="25" coveredconditionals="25" methods="15" coveredmethods="15"/>
        <line num="2" count="4" type="stmt"/>
        <line num="9" count="4" type="stmt"/>
        <line num="10" count="29" type="stmt"/>
        <line num="11" count="29" type="stmt"/>
        <line num="12" count="29" type="stmt"/>
        <line num="14" count="29" type="stmt"/>
        <line num="17" count="29" type="stmt"/>
        <line num="18" count="18" type="cond" truecount="2" falsecount="0"/>
        <line num="19" count="16" type="stmt"/>
        <line num="20" count="16" type="stmt"/>
        <line num="22" count="2" type="stmt"/>
        <line num="23" count="2" type="stmt"/>
        <line num="24" count="2" type="stmt"/>
        <line num="29" count="4" type="stmt"/>
        <line num="30" count="2" type="stmt"/>
        <line num="33" count="4" type="stmt"/>
        <line num="34" count="8" type="stmt"/>
        <line num="37" count="67" type="stmt"/>
        <line num="38" count="22" type="cond" truecount="2" falsecount="0"/>
        <line num="39" count="22" type="stmt"/>
        <line num="40" count="22" type="stmt"/>
        <line num="42" count="44" type="stmt"/>
        <line num="43" count="44" type="stmt"/>
        <line num="44" count="81" type="cond" truecount="2" falsecount="0"/>
        <line num="45" count="14" type="stmt"/>
        <line num="49" count="33" type="cond" truecount="2" falsecount="0"/>
        <line num="50" count="11" type="stmt"/>
        <line num="53" count="22" type="cond" truecount="2" falsecount="0"/>
        <line num="54" count="5" type="stmt"/>
        <line num="55" count="5" type="stmt"/>
        <line num="56" count="5" type="cond" truecount="4" falsecount="0"/>
        <line num="57" count="2" type="stmt"/>
        <line num="59" count="5" type="stmt"/>
        <line num="63" count="44" type="stmt"/>
        <line num="66" count="4" type="stmt"/>
        <line num="67" count="4" type="stmt"/>
        <line num="68" count="4" type="cond" truecount="2" falsecount="0"/>
        <line num="69" count="2" type="stmt"/>
        <line num="70" count="2" type="stmt"/>
        <line num="73" count="4" type="stmt"/>
        <line num="74" count="4" type="stmt"/>
        <line num="77" count="4" type="stmt"/>
        <line num="78" count="4" type="stmt"/>
        <line num="79" count="4" type="cond" truecount="2" falsecount="0"/>
        <line num="80" count="1" type="stmt"/>
        <line num="82" count="3" type="stmt"/>
        <line num="84" count="3" type="stmt"/>
        <line num="85" count="3" type="cond" truecount="2" falsecount="0"/>
        <line num="86" count="1" type="stmt"/>
        <line num="88" count="2" type="stmt"/>
        <line num="89" count="2" type="stmt"/>
        <line num="92" count="4" type="stmt"/>
        <line num="93" count="2" type="stmt"/>
        <line num="94" count="2" type="stmt"/>
        <line num="95" count="2" type="cond" truecount="2" falsecount="0"/>
        <line num="96" count="1" type="stmt"/>
        <line num="97" count="1" type="stmt"/>
        <line num="99" count="2" type="stmt"/>
        <line num="100" count="2" type="stmt"/>
        <line num="103" count="4" type="stmt"/>
        <line num="104" count="4" type="cond" truecount="1" falsecount="0"/>
        <line num="105" count="4" type="stmt"/>
        <line num="106" count="2" type="stmt"/>
        <line num="107" count="4" type="stmt"/>
        <line num="109" count="4" type="stmt"/>
        <line num="111" count="4" type="stmt"/>
        <line num="112" count="38" type="stmt"/>
        <line num="115" count="69" type="stmt"/>
        <line num="116" count="17" type="stmt"/>
        <line num="118" count="4" type="stmt"/>
        <line num="120" count="36" type="stmt"/>
        <line num="121" count="9" type="stmt"/>
        <line num="123" count="9" type="cond" truecount="2" falsecount="0"/>
        <line num="125" count="9" type="stmt"/>
      </file>
      <file name="types.ts" path="C:\projects\toolkit\src\composer\types.ts">
        <metrics statements="4" coveredstatements="4" conditionals="0" coveredconditionals="0" methods="0" coveredmethods="0"/>
        <line num="8" count="4" type="stmt"/>
        <line num="9" count="4" type="stmt"/>
        <line num="10" count="4" type="stmt"/>
        <line num="11" count="4" type="stmt"/>
      </file>
    </package>
    <package name="ecs">
      <metrics statements="5" coveredstatements="5" conditionals="0" coveredconditionals="0" methods="0" coveredmethods="0"/>
      <file name="events.ts" path="C:\projects\toolkit\src\ecs\events.ts">
        <metrics statements="5" coveredstatements="5" conditionals="0" coveredconditionals="0" methods="0" coveredmethods="0"/>
        <line num="1" count="3" type="stmt"/>
        <line num="2" count="3" type="stmt"/>
        <line num="4" count="3" type="stmt"/>
        <line num="5" count="3" type="stmt"/>
        <line num="7" count="3" type="stmt"/>
      </file>
    </package>
    <package name="ecs.errors">
      <metrics statements="13" coveredstatements="13" conditionals="6" coveredconditionals="3" methods="6" coveredmethods="6"/>
      <file name="components.ts" path="C:\projects\toolkit\src\ecs\errors\components.ts">
        <metrics statements="5" coveredstatements="5" conditionals="2" coveredconditionals="1" methods="2" coveredmethods="2"/>
        <line num="1" count="2" type="stmt"/>
        <line num="3" count="2" type="cond" truecount="1" falsecount="1"/>
        <line num="4" count="2" type="stmt"/>
        <line num="5" count="2" type="stmt"/>
        <line num="7" count="2" type="stmt"/>
      </file>
      <file name="entities.ts" path="C:\projects\toolkit\src\ecs\errors\entities.ts">
        <metrics statements="8" coveredstatements="8" conditionals="4" coveredconditionals="2" methods="4" coveredmethods="4"/>
        <line num="1" count="2" type="stmt"/>
        <line num="3" count="4" type="cond" truecount="1" falsecount="1"/>
        <line num="4" count="4" type="stmt"/>
        <line num="6" count="2" type="stmt"/>
        <line num="8" count="2" type="stmt"/>
        <line num="10" count="1" type="cond" truecount="1" falsecount="1"/>
        <line num="11" count="1" type="stmt"/>
        <line num="13" count="2" type="stmt"/>
      </file>
    </package>
    <package name="ecs.extensions">
      <metrics statements="145" coveredstatements="145" conditionals="67" coveredconditionals="63" methods="21" coveredmethods="21"/>
      <file name="entityComponentManager.ts" path="C:\projects\toolkit\src\ecs\extensions\entityComponentManager.ts">
        <metrics statements="78" coveredstatements="78" conditionals="32" coveredconditionals="28" methods="11" coveredmethods="11"/>
        <line num="1" count="2" type="stmt"/>
        <line num="4" count="2" type="stmt"/>
        <line num="5" count="2" type="stmt"/>
        <line num="6" count="2" type="stmt"/>
        <line num="7" count="2" type="stmt"/>
        <line num="9" count="2" type="stmt"/>
        <line num="11" count="9" type="stmt"/>
        <line num="12" count="9" type="stmt"/>
        <line num="13" count="9" type="stmt"/>
        <line num="14" count="9" type="stmt"/>
        <line num="15" count="9" type="stmt"/>
        <line num="17" count="9" type="stmt"/>
        <line num="20" count="9" type="cond" truecount="2" falsecount="0"/>
        <line num="24" count="2" type="stmt"/>
        <line num="25" count="5" type="stmt"/>
        <line num="34" count="2" type="stmt"/>
        <line num="35" count="6" type="cond" truecount="6" falsecount="0"/>
        <line num="43" count="2" type="stmt"/>
        <line num="44" count="2" type="stmt"/>
        <line num="45" count="2" type="cond" truecount="2" falsecount="0"/>
        <line num="46" count="1" type="stmt"/>
        <line num="49" count="1" type="stmt"/>
        <line num="56" count="2" type="stmt"/>
        <line num="57" count="6" type="stmt"/>
        <line num="58" count="6" type="stmt"/>
        <line num="59" count="6" type="stmt"/>
        <line num="61" count="12" type="stmt"/>
        <line num="62" count="6" type="stmt"/>
        <line num="69" count="2" type="stmt"/>
        <line num="70" count="3" type="cond" truecount="2" falsecount="0"/>
        <line num="71" count="1" type="stmt"/>
        <line num="74" count="2" type="stmt"/>
        <line num="75" count="2" type="stmt"/>
        <line num="76" count="2" type="stmt"/>
        <line num="77" count="4" type="stmt"/>
        <line num="79" count="2" type="stmt"/>
        <line num="80" count="4" type="stmt"/>
        <line num="88" count="2" type="stmt"/>
        <line num="89" count="6" type="stmt"/>
        <line num="90" count="6" type="cond" truecount="2" falsecount="0"/>
        <line num="91" count="1" type="stmt"/>
        <line num="94" count="5" type="stmt"/>
        <line num="95" count="5" type="stmt"/>
        <line num="96" count="5" type="stmt"/>
        <line num="104" count="2" type="stmt"/>
        <line num="106" count="4" type="stmt"/>
        <line num="108" count="4" type="cond" truecount="2" falsecount="0"/>
        <line num="109" count="1" type="stmt"/>
        <line num="113" count="3" type="stmt"/>
        <line num="114" count="3" type="cond" truecount="1" falsecount="1"/>
        <line num="115" count="3" type="stmt"/>
        <line num="116" count="3" type="stmt"/>
        <line num="120" count="3" type="cond" truecount="1" falsecount="1"/>
        <line num="121" count="3" type="cond" truecount="3" falsecount="1"/>
        <line num="124" count="3" type="stmt"/>
        <line num="125" count="3" type="cond" truecount="1" falsecount="1"/>
        <line num="126" count="3" type="stmt"/>
        <line num="128" count="3" type="stmt"/>
        <line num="137" count="2" type="stmt"/>
        <line num="138" count="6" type="cond" truecount="2" falsecount="0"/>
        <line num="139" count="1" type="stmt"/>
        <line num="142" count="5" type="stmt"/>
        <line num="143" count="5" type="stmt"/>
        <line num="144" count="5" type="stmt"/>
        <line num="145" count="5" type="stmt"/>
        <line num="147" count="10" type="stmt"/>
        <line num="149" count="5" type="stmt"/>
        <line num="156" count="2" type="stmt"/>
        <line num="157" count="5" type="stmt"/>
        <line num="159" count="5" type="cond" truecount="2" falsecount="0"/>
        <line num="160" count="1" type="stmt"/>
        <line num="163" count="4" type="stmt"/>
        <line num="164" count="4" type="cond" truecount="2" falsecount="0"/>
        <line num="165" count="1" type="stmt"/>
        <line num="169" count="3" type="stmt"/>
        <line num="172" count="3" type="stmt"/>
        <line num="173" count="6" type="stmt"/>
        <line num="175" count="2" type="stmt"/>
      </file>
      <file name="pipelineManager.ts" path="C:\projects\toolkit\src\ecs\extensions\pipelineManager.ts">
        <metrics statements="26" coveredstatements="26" conditionals="16" coveredconditionals="16" methods="4" coveredmethods="4"/>
        <line num="1" count="1" type="stmt"/>
        <line num="4" count="1" type="stmt"/>
        <line num="6" count="1" type="stmt"/>
        <line num="8" count="1" type="stmt"/>
        <line num="9" count="5" type="stmt"/>
        <line num="13" count="5" type="cond" truecount="2" falsecount="0"/>
        <line num="15" count="5" type="stmt"/>
        <line num="23" count="9" type="cond" truecount="2" falsecount="0"/>
        <line num="25" count="5" type="cond" truecount="2" falsecount="0"/>
        <line num="26" count="4" type="stmt"/>
        <line num="29" count="5" type="cond" truecount="2" falsecount="0"/>
        <line num="30" count="5" type="stmt"/>
        <line num="31" count="5" type="stmt"/>
        <line num="32" count="5" type="cond" truecount="2" falsecount="0"/>
        <line num="33" count="4" type="stmt"/>
        <line num="35" count="5" type="stmt"/>
        <line num="36" count="5" type="stmt"/>
        <line num="39" count="5" type="cond" truecount="2" falsecount="0"/>
        <line num="40" count="3" type="stmt"/>
        <line num="42" count="4" type="cond" truecount="2" falsecount="0"/>
        <line num="43" count="2" type="stmt"/>
        <line num="44" count="2" type="stmt"/>
        <line num="45" count="3" type="cond" truecount="2" falsecount="0"/>
        <line num="52" count="1" type="stmt"/>
        <line num="53" count="2" type="stmt"/>
        <line num="59" count="1" type="stmt"/>
      </file>
      <file name="systemManager.ts" path="C:\projects\toolkit\src\ecs\extensions\systemManager.ts">
        <metrics statements="41" coveredstatements="41" conditionals="19" coveredconditionals="19" methods="6" coveredmethods="6"/>
        <line num="1" count="1" type="stmt"/>
        <line num="3" count="1" type="stmt"/>
        <line num="9" count="1" type="stmt"/>
        <line num="11" count="6" type="stmt"/>
        <line num="12" count="6" type="stmt"/>
        <line num="15" count="6" type="cond" truecount="2" falsecount="0"/>
        <line num="22" count="1" type="stmt"/>
        <line num="23" count="6" type="cond" truecount="2" falsecount="0"/>
        <line num="24" count="5" type="stmt"/>
        <line num="27" count="6" type="stmt"/>
        <line num="28" count="6" type="stmt"/>
        <line num="29" count="6" type="stmt"/>
        <line num="36" count="1" type="stmt"/>
        <line num="37" count="3" type="stmt"/>
        <line num="38" count="3" type="cond" truecount="2" falsecount="0"/>
        <line num="39" count="2" type="stmt"/>
        <line num="40" count="2" type="stmt"/>
        <line num="41" count="2" type="stmt"/>
        <line num="42" count="2" type="cond" truecount="2" falsecount="0"/>
        <line num="43" count="1" type="stmt"/>
        <line num="53" count="1" type="stmt"/>
        <line num="54" count="7" type="stmt"/>
        <line num="63" count="1" type="stmt"/>
        <line num="64" count="5" type="stmt"/>
        <line num="65" count="5" type="stmt"/>
        <line num="66" count="5" type="cond" truecount="2" falsecount="0"/>
        <line num="67" count="1" type="stmt"/>
        <line num="70" count="4" type="stmt"/>
        <line num="71" count="4" type="cond" truecount="2" falsecount="0"/>
        <line num="72" count="2" type="stmt"/>
        <line num="75" count="4" type="stmt"/>
        <line num="76" count="4" type="stmt"/>
        <line num="77" count="4" type="cond" truecount="2" falsecount="0"/>
        <line num="79" count="4" type="cond" truecount="2" falsecount="0"/>
        <line num="80" count="3" type="stmt"/>
        <line num="81" count="3" type="stmt"/>
        <line num="85" count="8" type="stmt"/>
        <line num="87" count="4" type="cond" truecount="2" falsecount="0"/>
        <line num="88" count="2" type="stmt"/>
        <line num="92" count="4" type="cond" truecount="1" falsecount="0"/>
        <line num="94" count="1" type="stmt"/>
      </file>
    </package>
  </project>
</coverage>
