{"C:\\projects\\toolkit\\src\\composer\\index.ts": {"path":"C:\\projects\\toolkit\\src\\composer\\index.ts","statementMap":{"0":{"start":{"line":2,"column":0},"end":{"line":2,"column":121}},"1":{"start":{"line":9,"column":0},"end":{"line":9,"column":13}},"2":{"start":{"line":10,"column":14},"end":{"line":10,"column":74}},"3":{"start":{"line":11,"column":14},"end":{"line":11,"column":63}},"4":{"start":{"line":12,"column":14},"end":{"line":12,"column":60}},"5":{"start":{"line":14,"column":12},"end":{"line":14,"column":33}},"6":{"start":{"line":17,"column":8},"end":{"line":26,"column":null}},"7":{"start":{"line":17,"column":29},"end":{"line":17,"column":41}},"8":{"start":{"line":17,"column":39},"end":{"line":17,"column":41}},"9":{"start":{"line":17,"column":25},"end":{"line":17,"column":29}},"10":{"start":{"line":18,"column":12},"end":{"line":25,"column":null}},"11":{"start":{"line":19,"column":34},"end":{"line":19,"column":51}},"12":{"start":{"line":20,"column":16},"end":{"line":20,"column":57}},"13":{"start":{"line":22,"column":34},"end":{"line":22,"column":61}},"14":{"start":{"line":23,"column":16},"end":{"line":23,"column":67}},"15":{"start":{"line":24,"column":16},"end":{"line":24,"column":57}},"16":{"start":{"line":29,"column":4},"end":{"line":31,"column":null}},"17":{"start":{"line":30,"column":8},"end":{"line":30,"column":33}},"18":{"start":{"line":33,"column":4},"end":{"line":35,"column":null}},"19":{"start":{"line":34,"column":8},"end":{"line":34,"column":52}},"20":{"start":{"line":37,"column":10},"end":{"line":64,"column":null}},"21":{"start":{"line":37,"column":36},"end":{"line":37,"column":49}},"22":{"start":{"line":38,"column":14},"end":{"line":38,"column":113}},"23":{"start":{"line":39,"column":14},"end":{"line":39,"column":44}},"24":{"start":{"line":40,"column":14},"end":{"line":40,"column":45}},"25":{"start":{"line":42,"column":31},"end":{"line":42,"column":null}},"26":{"start":{"line":42,"column":18},"end":{"line":42,"column":31}},"27":{"start":{"line":43,"column":18},"end":{"line":43,"column":60}},"28":{"start":{"line":44,"column":17},"end":{"line":44,"column":24}},"29":{"start":{"line":45,"column":16},"end":{"line":45,"column":78}},"30":{"start":{"line":49,"column":13},"end":{"line":49,"column":18}},"31":{"start":{"line":50,"column":12},"end":{"line":50,"column":63}},"32":{"start":{"line":50,"column":12},"end":{"line":50,"column":64}},"33":{"start":{"line":53,"column":8},"end":{"line":61,"column":null}},"34":{"start":{"line":54,"column":12},"end":{"line":60,"column":null}},"35":{"start":{"line":54,"column":22},"end":{"line":54,"column":34}},"36":{"start":{"line":55,"column":22},"end":{"line":55,"column":50}},"37":{"start":{"line":56,"column":16},"end":{"line":58,"column":null}},"38":{"start":{"line":57,"column":20},"end":{"line":57,"column":46}},"39":{"start":{"line":59,"column":16},"end":{"line":59,"column":72}},"40":{"start":{"line":63,"column":8},"end":{"line":63,"column":43}},"41":{"start":{"line":66,"column":4},"end":{"line":75,"column":null}},"42":{"start":{"line":67,"column":18},"end":{"line":67,"column":41}},"43":{"start":{"line":68,"column":8},"end":{"line":71,"column":null}},"44":{"start":{"line":69,"column":12},"end":{"line":69,"column":28}},"45":{"start":{"line":70,"column":12},"end":{"line":70,"column":41}},"46":{"start":{"line":73,"column":8},"end":{"line":73,"column":26}},"47":{"start":{"line":74,"column":8},"end":{"line":74,"column":20}},"48":{"start":{"line":77,"column":4},"end":{"line":90,"column":null}},"49":{"start":{"line":78,"column":18},"end":{"line":78,"column":41}},"50":{"start":{"line":79,"column":8},"end":{"line":81,"column":null}},"51":{"start":{"line":80,"column":12},"end":{"line":80,"column":24}},"52":{"start":{"line":82,"column":8},"end":{"line":82,"column":29}},"53":{"start":{"line":84,"column":19},"end":{"line":84,"column":39}},"54":{"start":{"line":85,"column":8},"end":{"line":87,"column":null}},"55":{"start":{"line":86,"column":12},"end":{"line":86,"column":24}},"56":{"start":{"line":88,"column":8},"end":{"line":88,"column":30}},"57":{"start":{"line":89,"column":8},"end":{"line":89,"column":20}},"58":{"start":{"line":92,"column":4},"end":{"line":101,"column":null}},"59":{"start":{"line":93,"column":8},"end":{"line":93,"column":33}},"60":{"start":{"line":94,"column":19},"end":{"line":94,"column":39}},"61":{"start":{"line":95,"column":8},"end":{"line":98,"column":null}},"62":{"start":{"line":96,"column":12},"end":{"line":96,"column":29}},"63":{"start":{"line":97,"column":12},"end":{"line":97,"column":39}},"64":{"start":{"line":99,"column":8},"end":{"line":99,"column":27}},"65":{"start":{"line":100,"column":8},"end":{"line":100,"column":20}},"66":{"start":{"line":103,"column":10},"end":{"line":108,"column":null}},"67":{"start":{"line":104,"column":8},"end":{"line":104,"column":46}},"68":{"start":{"line":105,"column":8},"end":{"line":105,"column":39}},"69":{"start":{"line":106,"column":8},"end":{"line":106,"column":33}},"70":{"start":{"line":107,"column":8},"end":{"line":107,"column":45}},"71":{"start":{"line":109,"column":0},"end":{"line":109,"column":null}},"72":{"start":{"line":9,"column":13},"end":{"line":9,"column":23}},"73":{"start":{"line":111,"column":0},"end":{"line":111,"column":13}},"74":{"start":{"line":112,"column":25},"end":{"line":112,"column":47}},"75":{"start":{"line":115,"column":20},"end":{"line":117,"column":null}},"76":{"start":{"line":115,"column":45},"end":{"line":115,"column":59}},"77":{"start":{"line":116,"column":8},"end":{"line":116,"column":57}},"78":{"start":{"line":118,"column":0},"end":{"line":118,"column":null}},"79":{"start":{"line":111,"column":13},"end":{"line":111,"column":22}},"80":{"start":{"line":120,"column":24},"end":{"line":120,"column":59}},"81":{"start":{"line":121,"column":4},"end":{"line":121,"column":null}},"82":{"start":{"line":121,"column":25},"end":{"line":121,"column":35}},"83":{"start":{"line":123,"column":12},"end":{"line":123,"column":null}},"84":{"start":{"line":125,"column":4},"end":{"line":125,"column":null}},"85":{"start":{"line":120,"column":0},"end":{"line":120,"column":16}}},"fnMap":{"0":{"name":"(anonymous_23)","decl":{"start":{"line":9,"column":0},"end":{"line":9,"column":13}},"loc":{"start":{"line":9,"column":0},"end":{"line":109,"column":null}}},"1":{"name":"Controller","decl":{"start":{"line":16,"column":4},"end":{"line":16,"column":16}},"loc":{"start":{"line":16,"column":48},"end":{"line":27,"column":5}}},"2":{"name":"(anonymous_25)","decl":{"start":{"line":29,"column":4},"end":{"line":29,"column":8}},"loc":{"start":{"line":29,"column":4},"end":{"line":31,"column":5}}},"3":{"name":"(anonymous_26)","decl":{"start":{"line":33,"column":4},"end":{"line":33,"column":16}},"loc":{"start":{"line":33,"column":64},"end":{"line":35,"column":5}}},"4":{"name":"(anonymous_27)","decl":{"start":{"line":37,"column":4},"end":{"line":37,"column":10}},"loc":{"start":{"line":37,"column":33},"end":{"line":64,"column":null}}},"5":{"name":"(anonymous_30)","decl":{"start":{"line":66,"column":4},"end":{"line":66,"column":6}},"loc":{"start":{"line":66,"column":46},"end":{"line":75,"column":5}}},"6":{"name":"(anonymous_31)","decl":{"start":{"line":77,"column":4},"end":{"line":77,"column":7}},"loc":{"start":{"line":77,"column":47},"end":{"line":90,"column":5}}},"7":{"name":"(anonymous_32)","decl":{"start":{"line":92,"column":4},"end":{"line":92,"column":8}},"loc":{"start":{"line":92,"column":48},"end":{"line":101,"column":5}}},"8":{"name":"(anonymous_33)","decl":{"start":{"line":103,"column":4},"end":{"line":103,"column":10}},"loc":{"start":{"line":103,"column":4},"end":{"line":108,"column":null}}},"9":{"name":"(anonymous_36)","decl":{"start":{"line":111,"column":0},"end":{"line":111,"column":13}},"loc":{"start":{"line":111,"column":0},"end":{"line":118,"column":null}}},"10":{"name":"Extension","decl":{"start":{"line":112,"column":4},"end":{"line":112,"column":25}},"loc":{"start":{"line":112,"column":47},"end":{"line":113,"column":5}}},"11":{"name":"(anonymous_38)","decl":{"start":{"line":115,"column":4},"end":{"line":115,"column":20}},"loc":{"start":{"line":115,"column":43},"end":{"line":117,"column":null}}},"12":{"name":"Compose","decl":{"start":{"line":120,"column":16},"end":{"line":120,"column":23}},"loc":{"start":{"line":120,"column":23},"end":{"line":126,"column":1}}},"13":{"name":"(anonymous_42)","decl":{"start":{"line":121,"column":4},"end":{"line":121,"column":11}},"loc":{"start":{"line":121,"column":4},"end":{"line":125,"column":null}}},"14":{"name":"class_1","decl":{"start":{"line":122,"column":8},"end":{"line":122,"column":null}},"loc":{"start":{"line":122,"column":8},"end":{"line":124,"column":9}}}},"branchMap":{"0":{"loc":{"start":{"line":18,"column":12},"end":{"line":25,"column":null}},"type":"if","locations":[{"start":{"line":18,"column":12},"end":{"line":25,"column":null}},{"start":{"line":18,"column":12},"end":{"line":25,"column":null}}]},"1":{"loc":{"start":{"line":38,"column":59},"end":{"line":38,"column":106}},"type":"cond-expr","locations":[{"start":{"line":38,"column":59},"end":{"line":38,"column":106}},{"start":{"line":38,"column":107},"end":{"line":38,"column":112}}]},"2":{"loc":{"start":{"line":44,"column":17},"end":{"line":44,"column":24}},"type":"if","locations":[{"start":{"line":44,"column":17},"end":{"line":44,"column":24}},{"start":{"line":44,"column":17},"end":{"line":44,"column":24}}]},"3":{"loc":{"start":{"line":49,"column":13},"end":{"line":49,"column":18}},"type":"if","locations":[{"start":{"line":49,"column":13},"end":{"line":49,"column":18}},{"start":{"line":49,"column":13},"end":{"line":49,"column":18}}]},"4":{"loc":{"start":{"line":53,"column":8},"end":{"line":61,"column":null}},"type":"if","locations":[{"start":{"line":53,"column":8},"end":{"line":61,"column":null}},{"start":{"line":53,"column":8},"end":{"line":61,"column":null}}]},"5":{"loc":{"start":{"line":56,"column":16},"end":{"line":58,"column":null}},"type":"if","locations":[{"start":{"line":56,"column":16},"end":{"line":58,"column":null}},{"start":{"line":56,"column":16},"end":{"line":58,"column":null}}]},"6":{"loc":{"start":{"line":56,"column":21},"end":{"line":56,"column":25}},"type":"binary-expr","locations":[{"start":{"line":56,"column":21},"end":{"line":56,"column":25}},{"start":{"line":56,"column":29},"end":{"line":56,"column":47}}]},"7":{"loc":{"start":{"line":68,"column":8},"end":{"line":71,"column":null}},"type":"if","locations":[{"start":{"line":68,"column":8},"end":{"line":71,"column":null}},{"start":{"line":68,"column":8},"end":{"line":71,"column":null}}]},"8":{"loc":{"start":{"line":79,"column":8},"end":{"line":81,"column":null}},"type":"if","locations":[{"start":{"line":79,"column":8},"end":{"line":81,"column":null}},{"start":{"line":79,"column":8},"end":{"line":81,"column":null}}]},"9":{"loc":{"start":{"line":85,"column":8},"end":{"line":87,"column":null}},"type":"if","locations":[{"start":{"line":85,"column":8},"end":{"line":87,"column":null}},{"start":{"line":85,"column":8},"end":{"line":87,"column":null}}]},"10":{"loc":{"start":{"line":95,"column":8},"end":{"line":98,"column":null}},"type":"if","locations":[{"start":{"line":95,"column":8},"end":{"line":98,"column":null}},{"start":{"line":95,"column":8},"end":{"line":98,"column":null}}]},"11":{"loc":{"start":{"line":104,"column":8},"end":{"line":104,"column":46}},"type":"switch","locations":[{"start":{"line":104,"column":8},"end":{"line":104,"column":46}}]},"12":{"loc":{"start":{"line":123,"column":12},"end":{"line":123,"column":29}},"type":"binary-expr","locations":[{"start":{"line":123,"column":12},"end":{"line":123,"column":29}},{"start":{"line":123,"column":29},"end":{"line":123,"column":null}}]}},"s":{"0":4,"1":4,"2":29,"3":29,"4":29,"5":29,"6":29,"7":29,"8":29,"9":18,"10":18,"11":16,"12":16,"13":2,"14":2,"15":2,"16":4,"17":2,"18":4,"19":8,"20":4,"21":67,"22":22,"23":22,"24":22,"25":22,"26":44,"27":44,"28":81,"29":14,"30":33,"31":11,"32":11,"33":22,"34":4,"35":5,"36":5,"37":5,"38":2,"39":5,"40":44,"41":4,"42":4,"43":4,"44":2,"45":2,"46":4,"47":4,"48":4,"49":4,"50":4,"51":1,"52":3,"53":3,"54":3,"55":1,"56":2,"57":2,"58":4,"59":2,"60":2,"61":2,"62":1,"63":1,"64":2,"65":2,"66":4,"67":4,"68":4,"69":2,"70":4,"71":4,"72":4,"73":4,"74":38,"75":4,"76":69,"77":17,"78":4,"79":4,"80":36,"81":9,"82":9,"83":9,"84":9,"85":4},"f":{"0":4,"1":29,"2":2,"3":8,"4":22,"5":4,"6":4,"7":2,"8":2,"9":4,"10":38,"11":17,"12":9,"13":9,"14":9},"b":{"0":[16,2],"1":[5,17],"2":[37,7],"3":[11,11],"4":[4,18],"5":[2,3],"6":[5,2],"7":[2,2],"8":[1,3],"9":[1,2],"10":[1,1],"11":[2],"12":[9,9]}}
,"C:\\projects\\toolkit\\src\\composer\\types.ts": {"path":"C:\\projects\\toolkit\\src\\composer\\types.ts","statementMap":{"0":{"start":{"line":8,"column":13},"end":{"line":8,"column":52}},"1":{"start":{"line":9,"column":13},"end":{"line":9,"column":39}},"2":{"start":{"line":10,"column":13},"end":{"line":10,"column":50}},"3":{"start":{"line":11,"column":13},"end":{"line":11,"column":49}}},"fnMap":{},"branchMap":{},"s":{"0":4,"1":4,"2":4,"3":4},"f":{},"b":{}}
,"C:\\projects\\toolkit\\src\\ecs\\events.ts": {"path":"C:\\projects\\toolkit\\src\\ecs\\events.ts","statementMap":{"0":{"start":{"line":1,"column":13},"end":{"line":1,"column":56}},"1":{"start":{"line":2,"column":13},"end":{"line":2,"column":59}},"2":{"start":{"line":4,"column":13},"end":{"line":4,"column":60}},"3":{"start":{"line":5,"column":13},"end":{"line":5,"column":65}},"4":{"start":{"line":7,"column":13},"end":{"line":7,"column":60}}},"fnMap":{},"branchMap":{},"s":{"0":3,"1":3,"2":3,"3":3,"4":3},"f":{},"b":{}}
,"C:\\projects\\toolkit\\src\\ecs\\errors\\components.ts": {"path":"C:\\projects\\toolkit\\src\\ecs\\errors\\components.ts","statementMap":{"0":{"start":{"line":1,"column":0},"end":{"line":1,"column":null}},"1":{"start":{"line":1,"column":43},"end":{"line":1,"column":48}},"2":{"start":{"line":3,"column":8},"end":{"line":3,"column":null}},"3":{"start":{"line":4,"column":8},"end":{"line":4,"column":66}},"4":{"start":{"line":5,"column":8},"end":{"line":5,"column":69}},"5":{"start":{"line":7,"column":0},"end":{"line":7,"column":null}},"6":{"start":{"line":1,"column":13},"end":{"line":1,"column":34}}},"fnMap":{"0":{"name":"(anonymous_6)","decl":{"start":{"line":1,"column":0},"end":{"line":1,"column":13}},"loc":{"start":{"line":1,"column":0},"end":{"line":7,"column":null}}},"1":{"name":"ComponentDoesNotExist","decl":{"start":{"line":2,"column":4},"end":{"line":2,"column":16}},"loc":{"start":{"line":2,"column":36},"end":{"line":6,"column":5}}}},"branchMap":{"0":{"loc":{"start":{"line":3,"column":8},"end":{"line":3,"column":15}},"type":"binary-expr","locations":[{"start":{"line":3,"column":8},"end":{"line":3,"column":15}},{"start":{"line":3,"column":15},"end":{"line":3,"column":null}}]}},"s":{"0":2,"1":2,"2":2,"3":2,"4":2,"5":2,"6":2},"f":{"0":2,"1":2},"b":{"0":[2,0]}}
,"C:\\projects\\toolkit\\src\\ecs\\errors\\entities.ts": {"path":"C:\\projects\\toolkit\\src\\ecs\\errors\\entities.ts","statementMap":{"0":{"start":{"line":1,"column":0},"end":{"line":1,"column":null}},"1":{"start":{"line":1,"column":40},"end":{"line":1,"column":45}},"2":{"start":{"line":3,"column":8},"end":{"line":3,"column":null}},"3":{"start":{"line":4,"column":8},"end":{"line":4,"column":66}},"4":{"start":{"line":6,"column":0},"end":{"line":6,"column":null}},"5":{"start":{"line":1,"column":13},"end":{"line":1,"column":31}},"6":{"start":{"line":8,"column":0},"end":{"line":8,"column":null}},"7":{"start":{"line":8,"column":46},"end":{"line":8,"column":51}},"8":{"start":{"line":10,"column":8},"end":{"line":10,"column":null}},"9":{"start":{"line":11,"column":8},"end":{"line":11,"column":72}},"10":{"start":{"line":13,"column":0},"end":{"line":13,"column":null}},"11":{"start":{"line":8,"column":13},"end":{"line":8,"column":37}}},"fnMap":{"0":{"name":"(anonymous_6)","decl":{"start":{"line":1,"column":0},"end":{"line":1,"column":13}},"loc":{"start":{"line":1,"column":0},"end":{"line":6,"column":null}}},"1":{"name":"EntityDoesNotExist","decl":{"start":{"line":2,"column":4},"end":{"line":2,"column":16}},"loc":{"start":{"line":2,"column":32},"end":{"line":5,"column":5}}},"2":{"name":"(anonymous_8)","decl":{"start":{"line":8,"column":0},"end":{"line":8,"column":13}},"loc":{"start":{"line":8,"column":0},"end":{"line":13,"column":null}}},"3":{"name":"InvalidEntityAssociation","decl":{"start":{"line":9,"column":4},"end":{"line":9,"column":null}},"loc":{"start":{"line":9,"column":4},"end":{"line":12,"column":5}}}},"branchMap":{"0":{"loc":{"start":{"line":3,"column":8},"end":{"line":3,"column":56}},"type":"binary-expr","locations":[{"start":{"line":3,"column":8},"end":{"line":3,"column":56}},{"start":{"line":3,"column":56},"end":{"line":3,"column":null}}]},"1":{"loc":{"start":{"line":10,"column":8},"end":{"line":10,"column":43}},"type":"binary-expr","locations":[{"start":{"line":10,"column":8},"end":{"line":10,"column":43}},{"start":{"line":10,"column":43},"end":{"line":10,"column":null}}]}},"s":{"0":2,"1":2,"2":4,"3":4,"4":2,"5":2,"6":2,"7":2,"8":1,"9":1,"10":2,"11":2},"f":{"0":2,"1":4,"2":2,"3":1},"b":{"0":[4,0],"1":[1,0]}}
,"C:\\projects\\toolkit\\src\\ecs\\extensions\\entityComponentManager.ts": {"path":"C:\\projects\\toolkit\\src\\ecs\\extensions\\entityComponentManager.ts","statementMap":{"0":{"start":{"line":1,"column":0},"end":{"line":1,"column":55}},"1":{"start":{"line":4,"column":0},"end":{"line":4,"column":30}},"2":{"start":{"line":5,"column":0},"end":{"line":5,"column":109}},"3":{"start":{"line":6,"column":0},"end":{"line":6,"column":82}},"4":{"start":{"line":7,"column":0},"end":{"line":7,"column":61}},"5":{"start":{"line":9,"column":0},"end":{"line":9,"column":null}},"6":{"start":{"line":9,"column":44},"end":{"line":9,"column":53}},"7":{"start":{"line":20,"column":8},"end":{"line":20,"column":null}},"8":{"start":{"line":11,"column":14},"end":{"line":11,"column":46}},"9":{"start":{"line":12,"column":14},"end":{"line":12,"column":63}},"10":{"start":{"line":13,"column":14},"end":{"line":13,"column":82}},"11":{"start":{"line":14,"column":14},"end":{"line":14,"column":69}},"12":{"start":{"line":15,"column":14},"end":{"line":15,"column":87}},"13":{"start":{"line":17,"column":14},"end":{"line":17,"column":33}},"14":{"start":{"line":24,"column":4},"end":{"line":26,"column":null}},"15":{"start":{"line":25,"column":8},"end":{"line":25,"column":44}},"16":{"start":{"line":34,"column":4},"end":{"line":36,"column":null}},"17":{"start":{"line":35,"column":8},"end":{"line":35,"column":84}},"18":{"start":{"line":43,"column":4},"end":{"line":50,"column":null}},"19":{"start":{"line":44,"column":21},"end":{"line":44,"column":54}},"20":{"start":{"line":45,"column":8},"end":{"line":47,"column":null}},"21":{"start":{"line":46,"column":12},"end":{"line":46,"column":57}},"22":{"start":{"line":49,"column":8},"end":{"line":49,"column":20}},"23":{"start":{"line":56,"column":10},"end":{"line":63,"column":null}},"24":{"start":{"line":57,"column":14},"end":{"line":57,"column":36}},"25":{"start":{"line":58,"column":8},"end":{"line":58,"column":34}},"26":{"start":{"line":59,"column":8},"end":{"line":59,"column":76}},"27":{"start":{"line":61,"column":8},"end":{"line":61,"column":54}},"28":{"start":{"line":62,"column":8},"end":{"line":62,"column":21}},"29":{"start":{"line":69,"column":10},"end":{"line":81,"column":null}},"30":{"start":{"line":70,"column":8},"end":{"line":72,"column":null}},"31":{"start":{"line":71,"column":12},"end":{"line":71,"column":45}},"32":{"start":{"line":74,"column":8},"end":{"line":74,"column":34}},"33":{"start":{"line":75,"column":14},"end":{"line":75,"column":94}},"34":{"start":{"line":76,"column":34},"end":{"line":76,"column":null}},"35":{"start":{"line":76,"column":19},"end":{"line":76,"column":34}},"36":{"start":{"line":77,"column":12},"end":{"line":77,"column":52}},"37":{"start":{"line":79,"column":8},"end":{"line":79,"column":44}},"38":{"start":{"line":80,"column":8},"end":{"line":80,"column":53}},"39":{"start":{"line":88,"column":4},"end":{"line":97,"column":null}},"40":{"start":{"line":89,"column":26},"end":{"line":89,"column":64}},"41":{"start":{"line":90,"column":8},"end":{"line":92,"column":null}},"42":{"start":{"line":91,"column":12},"end":{"line":91,"column":51}},"43":{"start":{"line":94,"column":8},"end":{"line":94,"column":55}},"44":{"start":{"line":95,"column":8},"end":{"line":95,"column":60}},"45":{"start":{"line":96,"column":8},"end":{"line":96,"column":63}},"46":{"start":{"line":104,"column":4},"end":{"line":129,"column":null}},"47":{"start":{"line":106,"column":26},"end":{"line":106,"column":64}},"48":{"start":{"line":108,"column":8},"end":{"line":110,"column":null}},"49":{"start":{"line":109,"column":12},"end":{"line":109,"column":51}},"50":{"start":{"line":113,"column":8},"end":{"line":118,"column":null}},"51":{"start":{"line":113,"column":33},"end":{"line":113,"column":54}},"52":{"start":{"line":113,"column":52},"end":{"line":113,"column":54}},"53":{"start":{"line":113,"column":19},"end":{"line":113,"column":20}},"54":{"start":{"line":113,"column":24},"end":{"line":113,"column":26}},"55":{"start":{"line":113,"column":28},"end":{"line":113,"column":29}},"56":{"start":{"line":114,"column":12},"end":{"line":117,"column":null}},"57":{"start":{"line":115,"column":16},"end":{"line":115,"column":37}},"58":{"start":{"line":116,"column":16},"end":{"line":116,"column":22}},"59":{"start":{"line":120,"column":8},"end":{"line":122,"column":null}},"60":{"start":{"line":121,"column":12},"end":{"line":121,"column":74}},"61":{"start":{"line":124,"column":26},"end":{"line":124,"column":59}},"62":{"start":{"line":125,"column":8},"end":{"line":127,"column":null}},"63":{"start":{"line":126,"column":12},"end":{"line":126,"column":93}},"64":{"start":{"line":128,"column":8},"end":{"line":128,"column":53}},"65":{"start":{"line":137,"column":10},"end":{"line":150,"column":null}},"66":{"start":{"line":138,"column":8},"end":{"line":140,"column":null}},"67":{"start":{"line":139,"column":12},"end":{"line":139,"column":51}},"68":{"start":{"line":142,"column":14},"end":{"line":142,"column":46}},"69":{"start":{"line":143,"column":14},"end":{"line":143,"column":42}},"70":{"start":{"line":144,"column":8},"end":{"line":144,"column":53}},"71":{"start":{"line":145,"column":8},"end":{"line":145,"column":70}},"72":{"start":{"line":147,"column":8},"end":{"line":147,"column":84}},"73":{"start":{"line":149,"column":8},"end":{"line":149,"column":27}},"74":{"start":{"line":156,"column":10},"end":{"line":174,"column":null}},"75":{"start":{"line":157,"column":14},"end":{"line":157,"column":60}},"76":{"start":{"line":159,"column":8},"end":{"line":161,"column":null}},"77":{"start":{"line":160,"column":12},"end":{"line":160,"column":57}},"78":{"start":{"line":163,"column":14},"end":{"line":163,"column":89}},"79":{"start":{"line":164,"column":8},"end":{"line":166,"column":null}},"80":{"start":{"line":165,"column":12},"end":{"line":165,"column":49}},"81":{"start":{"line":169,"column":8},"end":{"line":169,"column":57}},"82":{"start":{"line":172,"column":8},"end":{"line":172,"column":45}},"83":{"start":{"line":173,"column":8},"end":{"line":173,"column":86}},"84":{"start":{"line":175,"column":0},"end":{"line":175,"column":null}},"85":{"start":{"line":9,"column":13},"end":{"line":9,"column":35}}},"fnMap":{"0":{"name":"(anonymous_23)","decl":{"start":{"line":9,"column":0},"end":{"line":9,"column":13}},"loc":{"start":{"line":9,"column":0},"end":{"line":175,"column":null}}},"1":{"name":"EntityComponentManager","decl":{"start":{"line":19,"column":4},"end":{"line":19,"column":16}},"loc":{"start":{"line":19,"column":38},"end":{"line":21,"column":5}}},"2":{"name":"(anonymous_25)","decl":{"start":{"line":24,"column":4},"end":{"line":24,"column":16}},"loc":{"start":{"line":24,"column":35},"end":{"line":26,"column":5}}},"3":{"name":"(anonymous_26)","decl":{"start":{"line":34,"column":4},"end":{"line":34,"column":22}},"loc":{"start":{"line":34,"column":78},"end":{"line":36,"column":5}}},"4":{"name":"(anonymous_27)","decl":{"start":{"line":43,"column":4},"end":{"line":43,"column":20}},"loc":{"start":{"line":43,"column":45},"end":{"line":50,"column":5}}},"5":{"name":"(anonymous_28)","decl":{"start":{"line":56,"column":4},"end":{"line":56,"column":10}},"loc":{"start":{"line":56,"column":4},"end":{"line":63,"column":null}}},"6":{"name":"(anonymous_31)","decl":{"start":{"line":69,"column":4},"end":{"line":69,"column":10}},"loc":{"start":{"line":69,"column":35},"end":{"line":81,"column":null}}},"7":{"name":"(anonymous_34)","decl":{"start":{"line":88,"column":4},"end":{"line":88,"column":22}},"loc":{"start":{"line":88,"column":108},"end":{"line":97,"column":5}}},"8":{"name":"(anonymous_35)","decl":{"start":{"line":104,"column":4},"end":{"line":104,"column":24}},"loc":{"start":{"line":104,"column":69},"end":{"line":129,"column":5}}},"9":{"name":"(anonymous_36)","decl":{"start":{"line":137,"column":4},"end":{"line":137,"column":10}},"loc":{"start":{"line":137,"column":82},"end":{"line":150,"column":null}}},"10":{"name":"(anonymous_39)","decl":{"start":{"line":156,"column":4},"end":{"line":156,"column":10}},"loc":{"start":{"line":156,"column":50},"end":{"line":174,"column":null}}}},"branchMap":{"0":{"loc":{"start":{"line":20,"column":8},"end":{"line":20,"column":25}},"type":"binary-expr","locations":[{"start":{"line":20,"column":8},"end":{"line":20,"column":25}},{"start":{"line":20,"column":25},"end":{"line":20,"column":null}}]},"1":{"loc":{"start":{"line":35,"column":15},"end":{"line":35,"column":74}},"type":"binary-expr","locations":[{"start":{"line":35,"column":15},"end":{"line":35,"column":74}},{"start":{"line":35,"column":78},"end":{"line":35,"column":83}}]},"2":{"loc":{"start":{"line":35,"column":53},"end":{"line":35,"column":55}},"type":"cond-expr","locations":[{"start":{"line":35,"column":53},"end":{"line":35,"column":55}},{"start":{"line":35,"column":53},"end":{"line":35,"column":74}}]},"3":{"loc":{"start":{"line":35,"column":15},"end":{"line":35,"column":55}},"type":"binary-expr","locations":[{"start":{"line":35,"column":15},"end":{"line":35,"column":55}},{"start":{"line":35,"column":53},"end":{"line":35,"column":55}}]},"4":{"loc":{"start":{"line":45,"column":8},"end":{"line":47,"column":null}},"type":"if","locations":[{"start":{"line":45,"column":8},"end":{"line":47,"column":null}},{"start":{"line":45,"column":8},"end":{"line":47,"column":null}}]},"5":{"loc":{"start":{"line":70,"column":8},"end":{"line":72,"column":null}},"type":"if","locations":[{"start":{"line":70,"column":8},"end":{"line":72,"column":null}},{"start":{"line":70,"column":8},"end":{"line":72,"column":null}}]},"6":{"loc":{"start":{"line":90,"column":8},"end":{"line":92,"column":null}},"type":"if","locations":[{"start":{"line":90,"column":8},"end":{"line":92,"column":null}},{"start":{"line":90,"column":8},"end":{"line":92,"column":null}}]},"7":{"loc":{"start":{"line":108,"column":8},"end":{"line":110,"column":null}},"type":"if","locations":[{"start":{"line":108,"column":8},"end":{"line":110,"column":null}},{"start":{"line":108,"column":8},"end":{"line":110,"column":null}}]},"8":{"loc":{"start":{"line":114,"column":12},"end":{"line":117,"column":null}},"type":"if","locations":[{"start":{"line":114,"column":12},"end":{"line":117,"column":null}},{"start":{"line":114,"column":12},"end":{"line":117,"column":null}}]},"9":{"loc":{"start":{"line":120,"column":8},"end":{"line":122,"column":null}},"type":"if","locations":[{"start":{"line":120,"column":8},"end":{"line":122,"column":null}},{"start":{"line":120,"column":8},"end":{"line":122,"column":null}}]},"10":{"loc":{"start":{"line":121,"column":50},"end":{"line":121,"column":52}},"type":"cond-expr","locations":[{"start":{"line":121,"column":50},"end":{"line":121,"column":52}},{"start":{"line":121,"column":50},"end":{"line":121,"column":73}}]},"11":{"loc":{"start":{"line":121,"column":12},"end":{"line":121,"column":52}},"type":"binary-expr","locations":[{"start":{"line":121,"column":12},"end":{"line":121,"column":52}},{"start":{"line":121,"column":50},"end":{"line":121,"column":52}}]},"12":{"loc":{"start":{"line":125,"column":8},"end":{"line":127,"column":null}},"type":"if","locations":[{"start":{"line":125,"column":8},"end":{"line":127,"column":null}},{"start":{"line":125,"column":8},"end":{"line":127,"column":null}}]},"13":{"loc":{"start":{"line":138,"column":8},"end":{"line":140,"column":null}},"type":"if","locations":[{"start":{"line":138,"column":8},"end":{"line":140,"column":null}},{"start":{"line":138,"column":8},"end":{"line":140,"column":null}}]},"14":{"loc":{"start":{"line":159,"column":8},"end":{"line":161,"column":null}},"type":"if","locations":[{"start":{"line":159,"column":8},"end":{"line":161,"column":null}},{"start":{"line":159,"column":8},"end":{"line":161,"column":null}}]},"15":{"loc":{"start":{"line":164,"column":8},"end":{"line":166,"column":null}},"type":"if","locations":[{"start":{"line":164,"column":8},"end":{"line":166,"column":null}},{"start":{"line":164,"column":8},"end":{"line":166,"column":null}}]}},"s":{"0":2,"1":2,"2":2,"3":2,"4":2,"5":2,"6":2,"7":9,"8":9,"9":9,"10":9,"11":9,"12":9,"13":9,"14":2,"15":5,"16":2,"17":6,"18":2,"19":2,"20":2,"21":1,"22":1,"23":2,"24":6,"25":6,"26":6,"27":12,"28":6,"29":2,"30":3,"31":1,"32":2,"33":2,"34":2,"35":2,"36":4,"37":2,"38":4,"39":2,"40":6,"41":6,"42":1,"43":5,"44":5,"45":5,"46":2,"47":4,"48":4,"49":1,"50":3,"51":3,"52":3,"53":3,"54":3,"55":3,"56":3,"57":3,"58":3,"59":3,"60":3,"61":3,"62":3,"63":3,"64":3,"65":2,"66":6,"67":1,"68":5,"69":5,"70":5,"71":5,"72":10,"73":5,"74":2,"75":5,"76":5,"77":1,"78":4,"79":4,"80":1,"81":3,"82":3,"83":6,"84":2,"85":2},"f":{"0":2,"1":9,"2":5,"3":6,"4":2,"5":6,"6":3,"7":6,"8":4,"9":6,"10":5},"b":{"0":[9,9],"1":[6,3],"2":[2,4],"3":[6,6],"4":[1,1],"5":[1,2],"6":[1,5],"7":[1,3],"8":[3,0],"9":[3,0],"10":[0,3],"11":[3,3],"12":[3,0],"13":[1,5],"14":[1,4],"15":[1,3]}}
,"C:\\projects\\toolkit\\src\\ecs\\extensions\\pipelineManager.ts": {"path":"C:\\projects\\toolkit\\src\\ecs\\extensions\\pipelineManager.ts","statementMap":{"0":{"start":{"line":1,"column":0},"end":{"line":1,"column":55}},"1":{"start":{"line":4,"column":0},"end":{"line":4,"column":46}},"2":{"start":{"line":6,"column":0},"end":{"line":6,"column":66}},"3":{"start":{"line":8,"column":0},"end":{"line":8,"column":null}},"4":{"start":{"line":8,"column":37},"end":{"line":8,"column":46}},"5":{"start":{"line":13,"column":8},"end":{"line":13,"column":null}},"6":{"start":{"line":9,"column":14},"end":{"line":9,"column":92}},"7":{"start":{"line":15,"column":8},"end":{"line":15,"column":null}},"8":{"start":{"line":23,"column":4},"end":{"line":37,"column":null}},"9":{"start":{"line":23,"column":49},"end":{"line":23,"column":null}},"10":{"start":{"line":25,"column":8},"end":{"line":27,"column":null}},"11":{"start":{"line":26,"column":12},"end":{"line":26,"column":52}},"12":{"start":{"line":29,"column":34},"end":{"line":29,"column":124}},"13":{"start":{"line":30,"column":30},"end":{"line":30,"column":87}},"14":{"start":{"line":31,"column":32},"end":{"line":31,"column":114}},"15":{"start":{"line":32,"column":8},"end":{"line":34,"column":null}},"16":{"start":{"line":33,"column":12},"end":{"line":33,"column":58}},"17":{"start":{"line":35,"column":30},"end":{"line":35,"column":83}},"18":{"start":{"line":36,"column":8},"end":{"line":36,"column":45}},"19":{"start":{"line":39,"column":10},"end":{"line":58,"column":null}},"20":{"start":{"line":39,"column":18},"end":{"line":39,"column":null}},"21":{"start":{"line":40,"column":14},"end":{"line":40,"column":51}},"22":{"start":{"line":42,"column":12},"end":{"line":42,"column":17}},"23":{"start":{"line":43,"column":51},"end":{"line":43,"column":null}},"24":{"start":{"line":43,"column":23},"end":{"line":43,"column":47}},"25":{"start":{"line":44,"column":44},"end":{"line":44,"column":null}},"26":{"start":{"line":44,"column":27},"end":{"line":44,"column":40}},"27":{"start":{"line":45,"column":24},"end":{"line":45,"column":29}},"28":{"start":{"line":52,"column":24},"end":{"line":52,"column":54}},"29":{"start":{"line":53,"column":24},"end":{"line":53,"column":85}},"30":{"start":{"line":59,"column":0},"end":{"line":59,"column":null}},"31":{"start":{"line":8,"column":13},"end":{"line":8,"column":28}}},"fnMap":{"0":{"name":"(anonymous_22)","decl":{"start":{"line":8,"column":0},"end":{"line":8,"column":13}},"loc":{"start":{"line":8,"column":0},"end":{"line":59,"column":null}}},"1":{"name":"PipelineManager","decl":{"start":{"line":12,"column":4},"end":{"line":12,"column":16}},"loc":{"start":{"line":12,"column":38},"end":{"line":16,"column":5}}},"2":{"name":"(anonymous_24)","decl":{"start":{"line":23,"column":4},"end":{"line":23,"column":11}},"loc":{"start":{"line":23,"column":77},"end":{"line":37,"column":5}}},"3":{"name":"(anonymous_25)","decl":{"start":{"line":39,"column":4},"end":{"line":39,"column":10}},"loc":{"start":{"line":39,"column":46},"end":{"line":58,"column":null}}}},"branchMap":{"0":{"loc":{"start":{"line":13,"column":8},"end":{"line":13,"column":25}},"type":"binary-expr","locations":[{"start":{"line":13,"column":8},"end":{"line":13,"column":25}},{"start":{"line":13,"column":25},"end":{"line":13,"column":null}}]},"1":{"loc":{"start":{"line":23,"column":49},"end":{"line":23,"column":null}},"type":"if","locations":[{"start":{"line":23,"column":49},"end":{"line":23,"column":null}},{"start":{"line":23,"column":49},"end":{"line":23,"column":null}}]},"2":{"loc":{"start":{"line":25,"column":8},"end":{"line":27,"column":null}},"type":"if","locations":[{"start":{"line":25,"column":8},"end":{"line":27,"column":null}},{"start":{"line":25,"column":8},"end":{"line":27,"column":null}}]},"3":{"loc":{"start":{"line":29,"column":66},"end":{"line":29,"column":75}},"type":"cond-expr","locations":[{"start":{"line":29,"column":66},"end":{"line":29,"column":75}},{"start":{"line":29,"column":78},"end":{"line":29,"column":124}}]},"4":{"loc":{"start":{"line":32,"column":8},"end":{"line":34,"column":null}},"type":"if","locations":[{"start":{"line":32,"column":8},"end":{"line":34,"column":null}},{"start":{"line":32,"column":8},"end":{"line":34,"column":null}}]},"5":{"loc":{"start":{"line":39,"column":18},"end":{"line":39,"column":null}},"type":"if","locations":[{"start":{"line":39,"column":18},"end":{"line":39,"column":null}},{"start":{"line":39,"column":18},"end":{"line":39,"column":null}}]},"6":{"loc":{"start":{"line":42,"column":12},"end":{"line":42,"column":17}},"type":"if","locations":[{"start":{"line":42,"column":12},"end":{"line":42,"column":17}},{"start":{"line":42,"column":12},"end":{"line":42,"column":17}}]},"7":{"loc":{"start":{"line":45,"column":24},"end":{"line":45,"column":29}},"type":"if","locations":[{"start":{"line":45,"column":24},"end":{"line":45,"column":29}},{"start":{"line":45,"column":24},"end":{"line":45,"column":29}}]}},"s":{"0":1,"1":1,"2":1,"3":1,"4":1,"5":5,"6":5,"7":5,"8":1,"9":9,"10":5,"11":4,"12":5,"13":5,"14":5,"15":5,"16":4,"17":5,"18":5,"19":1,"20":5,"21":3,"22":4,"23":2,"24":2,"25":2,"26":2,"27":3,"28":1,"29":2,"30":1,"31":1},"f":{"0":1,"1":5,"2":5,"3":3},"b":{"0":[5,5],"1":[4,1],"2":[4,1],"3":[4,1],"4":[4,1],"5":[2,1],"6":[1,2],"7":[1,1]}}
,"C:\\projects\\toolkit\\src\\ecs\\extensions\\systemManager.ts": {"path":"C:\\projects\\toolkit\\src\\ecs\\extensions\\systemManager.ts","statementMap":{"0":{"start":{"line":1,"column":0},"end":{"line":1,"column":55}},"1":{"start":{"line":3,"column":0},"end":{"line":3,"column":46}},"2":{"start":{"line":9,"column":0},"end":{"line":9,"column":null}},"3":{"start":{"line":9,"column":36},"end":{"line":9,"column":45}},"4":{"start":{"line":15,"column":8},"end":{"line":15,"column":null}},"5":{"start":{"line":11,"column":14},"end":{"line":11,"column":79}},"6":{"start":{"line":12,"column":14},"end":{"line":12,"column":60}},"7":{"start":{"line":22,"column":4},"end":{"line":30,"column":null}},"8":{"start":{"line":23,"column":8},"end":{"line":25,"column":null}},"9":{"start":{"line":24,"column":12},"end":{"line":24,"column":59}},"10":{"start":{"line":27,"column":26},"end":{"line":27,"column":81}},"11":{"start":{"line":28,"column":8},"end":{"line":28,"column":30}},"12":{"start":{"line":29,"column":8},"end":{"line":29,"column":51}},"13":{"start":{"line":36,"column":4},"end":{"line":46,"column":null}},"14":{"start":{"line":37,"column":23},"end":{"line":37,"column":50}},"15":{"start":{"line":38,"column":8},"end":{"line":45,"column":null}},"16":{"start":{"line":39,"column":30},"end":{"line":39,"column":85}},"17":{"start":{"line":40,"column":12},"end":{"line":40,"column":37}},"18":{"start":{"line":41,"column":12},"end":{"line":41,"column":43}},"19":{"start":{"line":42,"column":12},"end":{"line":44,"column":null}},"20":{"start":{"line":43,"column":16},"end":{"line":43,"column":55}},"21":{"start":{"line":53,"column":4},"end":{"line":55,"column":null}},"22":{"start":{"line":54,"column":8},"end":{"line":54,"column":43}},"23":{"start":{"line":63,"column":10},"end":{"line":93,"column":null}},"24":{"start":{"line":64,"column":14},"end":{"line":64,"column":44}},"25":{"start":{"line":65,"column":14},"end":{"line":65,"column":59}},"26":{"start":{"line":66,"column":8},"end":{"line":68,"column":null}},"27":{"start":{"line":67,"column":12},"end":{"line":67,"column":25}},"28":{"start":{"line":70,"column":28},"end":{"line":70,"column":null}},"29":{"start":{"line":70,"column":18},"end":{"line":70,"column":28}},"30":{"start":{"line":71,"column":12},"end":{"line":73,"column":null}},"31":{"start":{"line":72,"column":16},"end":{"line":72,"column":51}},"32":{"start":{"line":75,"column":16},"end":{"line":75,"column":29}},"33":{"start":{"line":76,"column":12},"end":{"line":83,"column":null}},"34":{"start":{"line":76,"column":23},"end":{"line":76,"column":36}},"35":{"start":{"line":77,"column":22},"end":{"line":77,"column":78}},"36":{"start":{"line":79,"column":16},"end":{"line":82,"column":null}},"37":{"start":{"line":80,"column":20},"end":{"line":80,"column":75}},"38":{"start":{"line":81,"column":20},"end":{"line":81,"column":31}},"39":{"start":{"line":85,"column":12},"end":{"line":85,"column":47}},"40":{"start":{"line":87,"column":12},"end":{"line":89,"column":null}},"41":{"start":{"line":88,"column":16},"end":{"line":88,"column":47}},"42":{"start":{"line":92,"column":8},"end":{"line":92,"column":20}},"43":{"start":{"line":94,"column":0},"end":{"line":94,"column":null}},"44":{"start":{"line":9,"column":13},"end":{"line":9,"column":27}}},"fnMap":{"0":{"name":"(anonymous_21)","decl":{"start":{"line":9,"column":0},"end":{"line":9,"column":13}},"loc":{"start":{"line":9,"column":0},"end":{"line":94,"column":null}}},"1":{"name":"SystemMananger","decl":{"start":{"line":14,"column":4},"end":{"line":14,"column":16}},"loc":{"start":{"line":14,"column":38},"end":{"line":16,"column":5}}},"2":{"name":"(anonymous_23)","decl":{"start":{"line":22,"column":4},"end":{"line":22,"column":13}},"loc":{"start":{"line":22,"column":53},"end":{"line":30,"column":5}}},"3":{"name":"(anonymous_24)","decl":{"start":{"line":36,"column":4},"end":{"line":36,"column":16}},"loc":{"start":{"line":36,"column":29},"end":{"line":46,"column":5}}},"4":{"name":"(anonymous_25)","decl":{"start":{"line":53,"column":4},"end":{"line":53,"column":10}},"loc":{"start":{"line":53,"column":23},"end":{"line":55,"column":5}}},"5":{"name":"(anonymous_26)","decl":{"start":{"line":63,"column":4},"end":{"line":63,"column":10}},"loc":{"start":{"line":63,"column":111},"end":{"line":93,"column":null}}}},"branchMap":{"0":{"loc":{"start":{"line":15,"column":8},"end":{"line":15,"column":25}},"type":"binary-expr","locations":[{"start":{"line":15,"column":8},"end":{"line":15,"column":25}},{"start":{"line":15,"column":25},"end":{"line":15,"column":null}}]},"1":{"loc":{"start":{"line":23,"column":8},"end":{"line":25,"column":null}},"type":"if","locations":[{"start":{"line":23,"column":8},"end":{"line":25,"column":null}},{"start":{"line":23,"column":8},"end":{"line":25,"column":null}}]},"2":{"loc":{"start":{"line":38,"column":8},"end":{"line":45,"column":null}},"type":"if","locations":[{"start":{"line":38,"column":8},"end":{"line":45,"column":null}},{"start":{"line":38,"column":8},"end":{"line":45,"column":null}}]},"3":{"loc":{"start":{"line":42,"column":12},"end":{"line":44,"column":null}},"type":"if","locations":[{"start":{"line":42,"column":12},"end":{"line":44,"column":null}},{"start":{"line":42,"column":12},"end":{"line":44,"column":null}}]},"4":{"loc":{"start":{"line":92,"column":8},"end":{"line":92,"column":20}},"type":"switch","locations":[{"start":{"line":92,"column":8},"end":{"line":92,"column":20}}]},"5":{"loc":{"start":{"line":66,"column":8},"end":{"line":68,"column":null}},"type":"if","locations":[{"start":{"line":66,"column":8},"end":{"line":68,"column":null}},{"start":{"line":66,"column":8},"end":{"line":68,"column":null}}]},"6":{"loc":{"start":{"line":71,"column":12},"end":{"line":73,"column":null}},"type":"if","locations":[{"start":{"line":71,"column":12},"end":{"line":73,"column":null}},{"start":{"line":71,"column":12},"end":{"line":73,"column":null}}]},"7":{"loc":{"start":{"line":77,"column":48},"end":{"line":77,"column":72}},"type":"cond-expr","locations":[{"start":{"line":77,"column":48},"end":{"line":77,"column":72}},{"start":{"line":77,"column":73},"end":{"line":77,"column":77}}]},"8":{"loc":{"start":{"line":79,"column":16},"end":{"line":82,"column":null}},"type":"if","locations":[{"start":{"line":79,"column":16},"end":{"line":82,"column":null}},{"start":{"line":79,"column":16},"end":{"line":82,"column":null}}]},"9":{"loc":{"start":{"line":87,"column":12},"end":{"line":89,"column":null}},"type":"if","locations":[{"start":{"line":87,"column":12},"end":{"line":89,"column":null}},{"start":{"line":87,"column":12},"end":{"line":89,"column":null}}]}},"s":{"0":1,"1":1,"2":1,"3":1,"4":6,"5":6,"6":6,"7":1,"8":6,"9":5,"10":6,"11":6,"12":6,"13":1,"14":3,"15":3,"16":2,"17":2,"18":2,"19":2,"20":1,"21":1,"22":7,"23":1,"24":5,"25":5,"26":5,"27":1,"28":4,"29":4,"30":4,"31":2,"32":4,"33":4,"34":4,"35":4,"36":4,"37":3,"38":3,"39":8,"40":4,"41":2,"42":4,"43":1,"44":1},"f":{"0":1,"1":6,"2":6,"3":3,"4":7,"5":5},"b":{"0":[6,6],"1":[5,1],"2":[2,1],"3":[1,1],"4":[4],"5":[1,4],"6":[2,2],"7":[3,1],"8":[3,1],"9":[2,2]}}
}
