TN:
SF:src\composer\index.ts
FN:9,(anonymous_23)
FN:16,Controller
FN:29,(anonymous_25)
FN:33,(anonymous_26)
FN:37,(anonymous_27)
FN:66,(anonymous_30)
FN:77,(anonymous_31)
FN:92,(anonymous_32)
FN:103,(anonymous_33)
FN:111,(anonymous_36)
FN:112,Extension
FN:115,(anonymous_38)
FN:120,Compose
FN:121,(anonymous_42)
FN:122,class_1
FNF:15
FNH:15
FNDA:4,(anonymous_23)
FNDA:29,Controller
FNDA:2,(anonymous_25)
FNDA:8,(anonymous_26)
FNDA:22,(anonymous_27)
FNDA:4,(anonymous_30)
FNDA:4,(anonymous_31)
FNDA:2,(anonymous_32)
FNDA:2,(anonymous_33)
FNDA:4,(anonymous_36)
FNDA:38,Extension
FNDA:17,(anonymous_38)
FNDA:9,Compose
FNDA:9,(anonymous_42)
FNDA:9,class_1
DA:2,4
DA:9,4
DA:10,29
DA:11,29
DA:12,29
DA:14,29
DA:17,29
DA:18,18
DA:19,16
DA:20,16
DA:22,2
DA:23,2
DA:24,2
DA:29,4
DA:30,2
DA:33,4
DA:34,8
DA:37,67
DA:38,22
DA:39,22
DA:40,22
DA:42,44
DA:43,44
DA:44,81
DA:45,14
DA:49,33
DA:50,11
DA:53,22
DA:54,5
DA:55,5
DA:56,5
DA:57,2
DA:59,5
DA:63,44
DA:66,4
DA:67,4
DA:68,4
DA:69,2
DA:70,2
DA:73,4
DA:74,4
DA:77,4
DA:78,4
DA:79,4
DA:80,1
DA:82,3
DA:84,3
DA:85,3
DA:86,1
DA:88,2
DA:89,2
DA:92,4
DA:93,2
DA:94,2
DA:95,2
DA:96,1
DA:97,1
DA:99,2
DA:100,2
DA:103,4
DA:104,4
DA:105,4
DA:106,2
DA:107,4
DA:109,4
DA:111,4
DA:112,38
DA:115,69
DA:116,17
DA:118,4
DA:120,36
DA:121,9
DA:123,9
DA:125,9
LF:74
LH:74
BRDA:18,0,0,16
BRDA:18,0,1,2
BRDA:38,1,0,5
BRDA:38,1,1,17
BRDA:44,2,0,37
BRDA:44,2,1,7
BRDA:49,3,0,11
BRDA:49,3,1,11
BRDA:53,4,0,4
BRDA:53,4,1,18
BRDA:56,5,0,2
BRDA:56,5,1,3
BRDA:56,6,0,5
BRDA:56,6,1,2
BRDA:68,7,0,2
BRDA:68,7,1,2
BRDA:79,8,0,1
BRDA:79,8,1,3
BRDA:85,9,0,1
BRDA:85,9,1,2
BRDA:95,10,0,1
BRDA:95,10,1,1
BRDA:104,11,0,2
BRDA:123,12,0,9
BRDA:123,12,1,9
BRF:25
BRH:25
end_of_record
TN:
SF:src\composer\types.ts
FNF:0
FNH:0
DA:8,4
DA:9,4
DA:10,4
DA:11,4
LF:4
LH:4
BRF:0
BRH:0
end_of_record
TN:
SF:src\ecs\events.ts
FNF:0
FNH:0
DA:1,3
DA:2,3
DA:4,3
DA:5,3
DA:7,3
LF:5
LH:5
BRF:0
BRH:0
end_of_record
TN:
SF:src\ecs\errors\components.ts
FN:1,(anonymous_6)
FN:2,ComponentDoesNotExist
FNF:2
FNH:2
FNDA:2,(anonymous_6)
FNDA:2,ComponentDoesNotExist
DA:1,2
DA:3,2
DA:4,2
DA:5,2
DA:7,2
LF:5
LH:5
BRDA:3,0,0,2
BRDA:3,0,1,0
BRF:2
BRH:1
end_of_record
TN:
SF:src\ecs\errors\entities.ts
FN:1,(anonymous_6)
FN:2,EntityDoesNotExist
FN:8,(anonymous_8)
FN:9,InvalidEntityAssociation
FNF:4
FNH:4
FNDA:2,(anonymous_6)
FNDA:4,EntityDoesNotExist
FNDA:2,(anonymous_8)
FNDA:1,InvalidEntityAssociation
DA:1,2
DA:3,4
DA:4,4
DA:6,2
DA:8,2
DA:10,1
DA:11,1
DA:13,2
LF:8
LH:8
BRDA:3,0,0,4
BRDA:3,0,1,0
BRDA:10,1,0,1
BRDA:10,1,1,0
BRF:4
BRH:2
end_of_record
TN:
SF:src\ecs\extensions\entityComponentManager.ts
FN:9,(anonymous_23)
FN:19,EntityComponentManager
FN:24,(anonymous_25)
FN:34,(anonymous_26)
FN:43,(anonymous_27)
FN:56,(anonymous_28)
FN:69,(anonymous_31)
FN:88,(anonymous_34)
FN:104,(anonymous_35)
FN:137,(anonymous_36)
FN:156,(anonymous_39)
FNF:11
FNH:11
FNDA:2,(anonymous_23)
FNDA:9,EntityComponentManager
FNDA:5,(anonymous_25)
FNDA:6,(anonymous_26)
FNDA:2,(anonymous_27)
FNDA:6,(anonymous_28)
FNDA:3,(anonymous_31)
FNDA:6,(anonymous_34)
FNDA:4,(anonymous_35)
FNDA:6,(anonymous_36)
FNDA:5,(anonymous_39)
DA:1,2
DA:4,2
DA:5,2
DA:6,2
DA:7,2
DA:9,2
DA:11,9
DA:12,9
DA:13,9
DA:14,9
DA:15,9
DA:17,9
DA:20,9
DA:24,2
DA:25,5
DA:34,2
DA:35,6
DA:43,2
DA:44,2
DA:45,2
DA:46,1
DA:49,1
DA:56,2
DA:57,6
DA:58,6
DA:59,6
DA:61,12
DA:62,6
DA:69,2
DA:70,3
DA:71,1
DA:74,2
DA:75,2
DA:76,2
DA:77,4
DA:79,2
DA:80,4
DA:88,2
DA:89,6
DA:90,6
DA:91,1
DA:94,5
DA:95,5
DA:96,5
DA:104,2
DA:106,4
DA:108,4
DA:109,1
DA:113,3
DA:114,3
DA:115,3
DA:116,3
DA:120,3
DA:121,3
DA:124,3
DA:125,3
DA:126,3
DA:128,3
DA:137,2
DA:138,6
DA:139,1
DA:142,5
DA:143,5
DA:144,5
DA:145,5
DA:147,10
DA:149,5
DA:156,2
DA:157,5
DA:159,5
DA:160,1
DA:163,4
DA:164,4
DA:165,1
DA:169,3
DA:172,3
DA:173,6
DA:175,2
LF:78
LH:78
BRDA:20,0,0,9
BRDA:20,0,1,9
BRDA:35,1,0,6
BRDA:35,1,1,3
BRDA:35,2,0,2
BRDA:35,2,1,4
BRDA:35,3,0,6
BRDA:35,3,1,6
BRDA:45,4,0,1
BRDA:45,4,1,1
BRDA:70,5,0,1
BRDA:70,5,1,2
BRDA:90,6,0,1
BRDA:90,6,1,5
BRDA:108,7,0,1
BRDA:108,7,1,3
BRDA:114,8,0,3
BRDA:114,8,1,0
BRDA:120,9,0,3
BRDA:120,9,1,0
BRDA:121,10,0,0
BRDA:121,10,1,3
BRDA:121,11,0,3
BRDA:121,11,1,3
BRDA:125,12,0,3
BRDA:125,12,1,0
BRDA:138,13,0,1
BRDA:138,13,1,5
BRDA:159,14,0,1
BRDA:159,14,1,4
BRDA:164,15,0,1
BRDA:164,15,1,3
BRF:32
BRH:28
end_of_record
TN:
SF:src\ecs\extensions\pipelineManager.ts
FN:8,(anonymous_22)
FN:12,PipelineManager
FN:23,(anonymous_24)
FN:39,(anonymous_25)
FNF:4
FNH:4
FNDA:1,(anonymous_22)
FNDA:5,PipelineManager
FNDA:5,(anonymous_24)
FNDA:3,(anonymous_25)
DA:1,1
DA:4,1
DA:6,1
DA:8,1
DA:9,5
DA:13,5
DA:15,5
DA:23,9
DA:25,5
DA:26,4
DA:29,5
DA:30,5
DA:31,5
DA:32,5
DA:33,4
DA:35,5
DA:36,5
DA:39,5
DA:40,3
DA:42,4
DA:43,2
DA:44,2
DA:45,3
DA:52,1
DA:53,2
DA:59,1
LF:26
LH:26
BRDA:13,0,0,5
BRDA:13,0,1,5
BRDA:23,1,0,4
BRDA:23,1,1,1
BRDA:25,2,0,4
BRDA:25,2,1,1
BRDA:29,3,0,4
BRDA:29,3,1,1
BRDA:32,4,0,4
BRDA:32,4,1,1
BRDA:39,5,0,2
BRDA:39,5,1,1
BRDA:42,6,0,1
BRDA:42,6,1,2
BRDA:45,7,0,1
BRDA:45,7,1,1
BRF:16
BRH:16
end_of_record
TN:
SF:src\ecs\extensions\systemManager.ts
FN:9,(anonymous_21)
FN:14,SystemMananger
FN:22,(anonymous_23)
FN:36,(anonymous_24)
FN:53,(anonymous_25)
FN:63,(anonymous_26)
FNF:6
FNH:6
FNDA:1,(anonymous_21)
FNDA:6,SystemMananger
FNDA:6,(anonymous_23)
FNDA:3,(anonymous_24)
FNDA:7,(anonymous_25)
FNDA:5,(anonymous_26)
DA:1,1
DA:3,1
DA:9,1
DA:11,6
DA:12,6
DA:15,6
DA:22,1
DA:23,6
DA:24,5
DA:27,6
DA:28,6
DA:29,6
DA:36,1
DA:37,3
DA:38,3
DA:39,2
DA:40,2
DA:41,2
DA:42,2
DA:43,1
DA:53,1
DA:54,7
DA:63,1
DA:64,5
DA:65,5
DA:66,5
DA:67,1
DA:70,4
DA:71,4
DA:72,2
DA:75,4
DA:76,4
DA:77,4
DA:79,4
DA:80,3
DA:81,3
DA:85,8
DA:87,4
DA:88,2
DA:92,4
DA:94,1
LF:41
LH:41
BRDA:15,0,0,6
BRDA:15,0,1,6
BRDA:23,1,0,5
BRDA:23,1,1,1
BRDA:38,2,0,2
BRDA:38,2,1,1
BRDA:42,3,0,1
BRDA:42,3,1,1
BRDA:92,4,0,4
BRDA:66,5,0,1
BRDA:66,5,1,4
BRDA:71,6,0,2
BRDA:71,6,1,2
BRDA:77,7,0,3
BRDA:77,7,1,1
BRDA:79,8,0,3
BRDA:79,8,1,1
BRDA:87,9,0,2
BRDA:87,9,1,2
BRF:19
BRH:19
end_of_record
